2022-05-18 16:55:07.654  INFO 4332 --- [restartedMain] .SpringBootThymeleafStarAdminApplication : Starting SpringBootThymeleafStarAdminApplication on DESKTOP-MHUD71R with PID 4332 (C:\Users\21264\Downloads\spring-boot-thymeleaf-staradmin-demo-master\spring-boot-thymeleaf-staradmin-demo-master\target\classes started by Speedy in C:\Users\21264\Downloads\spring-boot-thymeleaf-staradmin-demo-master\spring-boot-thymeleaf-staradmin-demo-master)
2022-05-18 16:55:07.669  INFO 4332 --- [restartedMain] .SpringBootThymeleafStarAdminApplication : No active profile set, falling back to default profiles: default
2022-05-18 16:55:08.035  INFO 4332 --- [restartedMain] ConfigServletWebServerApplicationContext : Refreshing org.springframework.boot.web.servlet.context.AnnotationConfigServletWebServerApplicationContext@2c7b6907: startup date [Wed May 18 16:55:08 WEST 2022]; root of context hierarchy
2022-05-18 16:55:12.547  INFO 4332 --- [restartedMain] o.s.b.w.embedded.tomcat.TomcatWebServer  : Tomcat initialized with port(s): 8080 (http)
2022-05-18 16:55:12.639  INFO 4332 --- [restartedMain] o.apache.catalina.core.StandardService   : Starting service [Tomcat]
2022-05-18 16:55:12.640  INFO 4332 --- [restartedMain] org.apache.catalina.core.StandardEngine  : Starting Servlet Engine: Apache Tomcat/8.5.34
2022-05-18 16:55:12.670  INFO 4332 --- [localhost-startStop-1] o.a.catalina.core.AprLifecycleListener   : The APR based Apache Tomcat Native library which allows optimal performance in production environments was not found on the java.library.path: [C:\Program Files\Java\jdk1.8.0_271\bin;C:\WINDOWS\Sun\Java\bin;C:\WINDOWS\system32;C:\WINDOWS;C:/Users/21264/.p2/pool/plugins/org.eclipse.justj.openjdk.hotspot.jre.full.win32.x86_64_17.0.0.v20211012-1059/jre/bin/server;C:/Users/21264/.p2/pool/plugins/org.eclipse.justj.openjdk.hotspot.jre.full.win32.x86_64_17.0.0.v20211012-1059/jre/bin;C:\Program Files (x86)\Common Files\Oracle\Java\javapath;C:\oraclexe\app\oracle\product\11.2.0\server\bin;C:\WINDOWS\system32;C:\WINDOWS;C:\WINDOWS\System32\Wbem;C:\WINDOWS\System32\WindowsPowerShell\v1.0\;C:\WINDOWS\System32\OpenSSH\;C:\Program Files\PuTTY\;C:\Program Files\Git\cmd;C:\Program Files\MySQL\MySQL Shell 8.0\bin\;C:\Users\21264\AppData\Local\Microsoft\WindowsApps;C:\Users\21264\AppData\Local\Programs\Microsoft VS Code\bin;C:\Users\21264\AppData\Local\GitHubDesktop\bin;C:\Users\21264\Desktop;;.]
2022-05-18 16:55:12.903  INFO 4332 --- [localhost-startStop-1] o.a.c.c.C.[Tomcat].[localhost].[/]       : Initializing Spring embedded WebApplicationContext
2022-05-18 16:55:12.904  INFO 4332 --- [localhost-startStop-1] o.s.web.context.ContextLoader            : Root WebApplicationContext: initialization completed in 4869 ms
2022-05-18 16:55:13.076  INFO 4332 --- [localhost-startStop-1] o.s.b.w.servlet.ServletRegistrationBean  : Servlet dispatcherServlet mapped to [/]
2022-05-18 16:55:13.085  INFO 4332 --- [localhost-startStop-1] o.s.b.w.servlet.FilterRegistrationBean   : Mapping filter: 'characterEncodingFilter' to: [/*]
2022-05-18 16:55:13.087  INFO 4332 --- [localhost-startStop-1] o.s.b.w.servlet.FilterRegistrationBean   : Mapping filter: 'hiddenHttpMethodFilter' to: [/*]
2022-05-18 16:55:13.087  INFO 4332 --- [localhost-startStop-1] o.s.b.w.servlet.FilterRegistrationBean   : Mapping filter: 'httpPutFormContentFilter' to: [/*]
2022-05-18 16:55:13.087  INFO 4332 --- [localhost-startStop-1] o.s.b.w.servlet.FilterRegistrationBean   : Mapping filter: 'requestContextFilter' to: [/*]
2022-05-18 16:55:14.104  INFO 4332 --- [restartedMain] o.s.w.s.handler.SimpleUrlHandlerMapping  : Mapped URL path [/**/favicon.ico] onto handler of type [class org.springframework.web.servlet.resource.ResourceHttpRequestHandler]
2022-05-18 16:55:14.543  INFO 4332 --- [restartedMain] s.w.s.m.m.a.RequestMappingHandlerAdapter : Looking for @ControllerAdvice: org.springframework.boot.web.servlet.context.AnnotationConfigServletWebServerApplicationContext@2c7b6907: startup date [Wed May 18 16:55:08 WEST 2022]; root of context hierarchy
2022-05-18 16:55:14.717  INFO 4332 --- [restartedMain] s.w.s.m.m.a.RequestMappingHandlerMapping : Mapped "{[/pages/dashboard],methods=[GET]}" onto public org.springframework.ui.ModelMap com.farhan.staradmin.controller.DashboardController.mmDashboard()
2022-05-18 16:55:14.721  INFO 4332 --- [restartedMain] s.w.s.m.m.a.RequestMappingHandlerMapping : Mapped "{[/pages/form-elements],methods=[GET]}" onto public org.springframework.ui.ModelMap com.farhan.staradmin.controller.FormElementsController.mmFormElements()
2022-05-18 16:55:14.723  INFO 4332 --- [restartedMain] s.w.s.m.m.a.RequestMappingHandlerMapping : Mapped "{[/api/v1/persons],methods=[GET]}" onto public java.util.List<com.farhan.staradmin.domain.Person> com.farhan.staradmin.controller.PersonController.findAll()
2022-05-18 16:55:14.725  INFO 4332 --- [restartedMain] s.w.s.m.m.a.RequestMappingHandlerMapping : Mapped "{[/pages/table-elements],methods=[GET]}" onto public org.springframework.ui.ModelMap com.farhan.staradmin.controller.TableElements.mmTableElements()
2022-05-18 16:55:14.731  INFO 4332 --- [restartedMain] s.w.s.m.m.a.RequestMappingHandlerMapping : Mapped "{[/error]}" onto public org.springframework.http.ResponseEntity<java.util.Map<java.lang.String, java.lang.Object>> org.springframework.boot.autoconfigure.web.servlet.error.BasicErrorController.error(javax.servlet.http.HttpServletRequest)
2022-05-18 16:55:14.734  INFO 4332 --- [restartedMain] s.w.s.m.m.a.RequestMappingHandlerMapping : Mapped "{[/error],produces=[text/html]}" onto public org.springframework.web.servlet.ModelAndView org.springframework.boot.autoconfigure.web.servlet.error.BasicErrorController.errorHtml(javax.servlet.http.HttpServletRequest,javax.servlet.http.HttpServletResponse)
2022-05-18 16:55:14.762  INFO 4332 --- [restartedMain] o.s.w.s.handler.SimpleUrlHandlerMapping  : Root mapping to handler of type [class org.springframework.web.servlet.mvc.ParameterizableViewController]
2022-05-18 16:55:14.807  INFO 4332 --- [restartedMain] o.s.w.s.handler.SimpleUrlHandlerMapping  : Mapped URL path [/webjars/**] onto handler of type [class org.springframework.web.servlet.resource.ResourceHttpRequestHandler]
2022-05-18 16:55:14.808  INFO 4332 --- [restartedMain] o.s.w.s.handler.SimpleUrlHandlerMapping  : Mapped URL path [/**] onto handler of type [class org.springframework.web.servlet.resource.ResourceHttpRequestHandler]
2022-05-18 16:55:14.996  WARN 4332 --- [restartedMain] org.thymeleaf.templatemode.TemplateMode  : [THYMELEAF][restartedMain] Template Mode 'LEGACYHTML5' is deprecated. Using Template Mode 'HTML' instead.
2022-05-18 16:55:16.368  INFO 4332 --- [restartedMain] o.s.b.d.a.OptionalLiveReloadServer       : LiveReload server is running on port 35729
2022-05-18 16:55:16.446  INFO 4332 --- [restartedMain] o.s.j.e.a.AnnotationMBeanExporter        : Registering beans for JMX exposure on startup
2022-05-18 16:55:16.530  INFO 4332 --- [restartedMain] o.s.b.w.embedded.tomcat.TomcatWebServer  : Tomcat started on port(s): 8080 (http) with context path ''
2022-05-18 16:55:16.540  INFO 4332 --- [restartedMain] .SpringBootThymeleafStarAdminApplication : Started SpringBootThymeleafStarAdminApplication in 9.635 seconds (JVM running for 10.718)
2022-05-18 16:57:14.356  INFO 4332 --- [http-nio-8080-exec-1] o.a.c.c.C.[Tomcat].[localhost].[/]       : Initializing Spring FrameworkServlet 'dispatcherServlet'
2022-05-18 16:57:14.357  INFO 4332 --- [http-nio-8080-exec-1] o.s.web.servlet.DispatcherServlet        : FrameworkServlet 'dispatcherServlet': initialization started
2022-05-18 16:57:14.375  INFO 4332 --- [http-nio-8080-exec-1] o.s.web.servlet.DispatcherServlet        : FrameworkServlet 'dispatcherServlet': initialization completed in 17 ms
2022-05-18 16:57:14.888  WARN 4332 --- [http-nio-8080-exec-2] n.n.u.t.decorators.DecoratorProcessor    : The layout:decorator/data-layout-decorator processor has been deprecated and will be removed in the next major version of the layout dialect.  Please use layout:decorate/data-layout-decorate instead to future-proof your code.  See https://github.com/ultraq/thymeleaf-layout-dialect/issues/95 for more information.
2022-05-18 16:57:15.075  WARN 4332 --- [http-nio-8080-exec-2] n.n.u.t.expressions.ExpressionProcessor  : Fragment expression "layout" is being wrapped as a Thymeleaf 3 fragment expression (~{...}) for backwards compatibility purposes.  This wrapping will be dropped in the next major version of the expression processor, so please rewrite as a Thymeleaf 3 fragment expression to future-proof your code.  See https://github.com/thymeleaf/thymeleaf/issues/451 for more information.
2022-05-18 17:09:19.237  INFO 14036 --- [restartedMain] .SpringBootThymeleafStarAdminApplication : Starting SpringBootThymeleafStarAdminApplication on DESKTOP-MHUD71R with PID 14036 (C:\Users\21264\Downloads\spring-boot-thymeleaf-staradmin-demo-master\spring-boot-thymeleaf-staradmin-demo-master\target\classes started by Speedy in C:\Users\21264\Downloads\spring-boot-thymeleaf-staradmin-demo-master\spring-boot-thymeleaf-staradmin-demo-master)
2022-05-18 17:09:19.239  INFO 14036 --- [restartedMain] .SpringBootThymeleafStarAdminApplication : No active profile set, falling back to default profiles: default
2022-05-18 17:09:19.539  INFO 14036 --- [restartedMain] ConfigServletWebServerApplicationContext : Refreshing org.springframework.boot.web.servlet.context.AnnotationConfigServletWebServerApplicationContext@674221e1: startup date [Wed May 18 17:09:19 WEST 2022]; root of context hierarchy
2022-05-18 17:09:22.043  INFO 14036 --- [restartedMain] o.s.b.w.embedded.tomcat.TomcatWebServer  : Tomcat initialized with port(s): 8080 (http)
2022-05-18 17:09:22.071  INFO 14036 --- [restartedMain] o.apache.catalina.core.StandardService   : Starting service [Tomcat]
2022-05-18 17:09:22.071  INFO 14036 --- [restartedMain] org.apache.catalina.core.StandardEngine  : Starting Servlet Engine: Apache Tomcat/8.5.34
2022-05-18 17:09:22.083  INFO 14036 --- [localhost-startStop-1] o.a.catalina.core.AprLifecycleListener   : The APR based Apache Tomcat Native library which allows optimal performance in production environments was not found on the java.library.path: [C:\Program Files\Java\jdk1.8.0_271\bin;C:\WINDOWS\Sun\Java\bin;C:\WINDOWS\system32;C:\WINDOWS;C:/Users/21264/.p2/pool/plugins/org.eclipse.justj.openjdk.hotspot.jre.full.win32.x86_64_17.0.0.v20211012-1059/jre/bin/server;C:/Users/21264/.p2/pool/plugins/org.eclipse.justj.openjdk.hotspot.jre.full.win32.x86_64_17.0.0.v20211012-1059/jre/bin;C:\Program Files (x86)\Common Files\Oracle\Java\javapath;C:\oraclexe\app\oracle\product\11.2.0\server\bin;C:\WINDOWS\system32;C:\WINDOWS;C:\WINDOWS\System32\Wbem;C:\WINDOWS\System32\WindowsPowerShell\v1.0\;C:\WINDOWS\System32\OpenSSH\;C:\Program Files\PuTTY\;C:\Program Files\Git\cmd;C:\Program Files\MySQL\MySQL Shell 8.0\bin\;C:\Users\21264\AppData\Local\Microsoft\WindowsApps;C:\Users\21264\AppData\Local\Programs\Microsoft VS Code\bin;C:\Users\21264\AppData\Local\GitHubDesktop\bin;C:\Users\21264\Desktop;;.]
2022-05-18 17:09:22.228  INFO 14036 --- [localhost-startStop-1] o.a.c.c.C.[Tomcat].[localhost].[/]       : Initializing Spring embedded WebApplicationContext
2022-05-18 17:09:22.229  INFO 14036 --- [localhost-startStop-1] o.s.web.context.ContextLoader            : Root WebApplicationContext: initialization completed in 2690 ms
2022-05-18 17:09:22.315  INFO 14036 --- [localhost-startStop-1] o.s.b.w.servlet.ServletRegistrationBean  : Servlet dispatcherServlet mapped to [/]
2022-05-18 17:09:22.321  INFO 14036 --- [localhost-startStop-1] o.s.b.w.servlet.FilterRegistrationBean   : Mapping filter: 'characterEncodingFilter' to: [/*]
2022-05-18 17:09:22.322  INFO 14036 --- [localhost-startStop-1] o.s.b.w.servlet.FilterRegistrationBean   : Mapping filter: 'hiddenHttpMethodFilter' to: [/*]
2022-05-18 17:09:22.323  INFO 14036 --- [localhost-startStop-1] o.s.b.w.servlet.FilterRegistrationBean   : Mapping filter: 'httpPutFormContentFilter' to: [/*]
2022-05-18 17:09:22.323  INFO 14036 --- [localhost-startStop-1] o.s.b.w.servlet.FilterRegistrationBean   : Mapping filter: 'requestContextFilter' to: [/*]
2022-05-18 17:09:22.929  INFO 14036 --- [restartedMain] o.s.w.s.handler.SimpleUrlHandlerMapping  : Mapped URL path [/**/favicon.ico] onto handler of type [class org.springframework.web.servlet.resource.ResourceHttpRequestHandler]
2022-05-18 17:09:23.174  INFO 14036 --- [restartedMain] s.w.s.m.m.a.RequestMappingHandlerAdapter : Looking for @ControllerAdvice: org.springframework.boot.web.servlet.context.AnnotationConfigServletWebServerApplicationContext@674221e1: startup date [Wed May 18 17:09:19 WEST 2022]; root of context hierarchy
2022-05-18 17:09:23.279  INFO 14036 --- [restartedMain] s.w.s.m.m.a.RequestMappingHandlerMapping : Mapped "{[/pages/dashboard],methods=[GET]}" onto public org.springframework.ui.ModelMap com.farhan.staradmin.controller.DashboardController.mmDashboard()
2022-05-18 17:09:23.281  INFO 14036 --- [restartedMain] s.w.s.m.m.a.RequestMappingHandlerMapping : Mapped "{[/pages/form-elements],methods=[GET]}" onto public org.springframework.ui.ModelMap com.farhan.staradmin.controller.FormElementsController.mmFormElements()
2022-05-18 17:09:23.283  INFO 14036 --- [restartedMain] s.w.s.m.m.a.RequestMappingHandlerMapping : Mapped "{[/api/v1/persons],methods=[GET]}" onto public java.util.List<com.farhan.staradmin.domain.Person> com.farhan.staradmin.controller.PersonController.findAll()
2022-05-18 17:09:23.285  INFO 14036 --- [restartedMain] s.w.s.m.m.a.RequestMappingHandlerMapping : Mapped "{[/pages/table-elements],methods=[GET]}" onto public org.springframework.ui.ModelMap com.farhan.staradmin.controller.TableElements.mmTableElements()
2022-05-18 17:09:23.289  INFO 14036 --- [restartedMain] s.w.s.m.m.a.RequestMappingHandlerMapping : Mapped "{[/error]}" onto public org.springframework.http.ResponseEntity<java.util.Map<java.lang.String, java.lang.Object>> org.springframework.boot.autoconfigure.web.servlet.error.BasicErrorController.error(javax.servlet.http.HttpServletRequest)
2022-05-18 17:09:23.290  INFO 14036 --- [restartedMain] s.w.s.m.m.a.RequestMappingHandlerMapping : Mapped "{[/error],produces=[text/html]}" onto public org.springframework.web.servlet.ModelAndView org.springframework.boot.autoconfigure.web.servlet.error.BasicErrorController.errorHtml(javax.servlet.http.HttpServletRequest,javax.servlet.http.HttpServletResponse)
2022-05-18 17:09:23.306  INFO 14036 --- [restartedMain] o.s.w.s.handler.SimpleUrlHandlerMapping  : Root mapping to handler of type [class org.springframework.web.servlet.mvc.ParameterizableViewController]
2022-05-18 17:09:23.326  INFO 14036 --- [restartedMain] o.s.w.s.handler.SimpleUrlHandlerMapping  : Mapped URL path [/webjars/**] onto handler of type [class org.springframework.web.servlet.resource.ResourceHttpRequestHandler]
2022-05-18 17:09:23.327  INFO 14036 --- [restartedMain] o.s.w.s.handler.SimpleUrlHandlerMapping  : Mapped URL path [/**] onto handler of type [class org.springframework.web.servlet.resource.ResourceHttpRequestHandler]
2022-05-18 17:09:23.427  WARN 14036 --- [restartedMain] org.thymeleaf.templatemode.TemplateMode  : [THYMELEAF][restartedMain] Template Mode 'LEGACYHTML5' is deprecated. Using Template Mode 'HTML' instead.
2022-05-18 17:09:24.018  INFO 14036 --- [restartedMain] o.s.b.d.a.OptionalLiveReloadServer       : LiveReload server is running on port 35729
2022-05-18 17:09:24.084  INFO 14036 --- [restartedMain] o.s.j.e.a.AnnotationMBeanExporter        : Registering beans for JMX exposure on startup
2022-05-18 17:09:24.155  INFO 14036 --- [restartedMain] o.s.b.w.embedded.tomcat.TomcatWebServer  : Tomcat started on port(s): 8080 (http) with context path ''
2022-05-18 17:09:24.161  INFO 14036 --- [restartedMain] .SpringBootThymeleafStarAdminApplication : Started SpringBootThymeleafStarAdminApplication in 5.368 seconds (JVM running for 5.935)
2022-05-18 17:09:29.006  INFO 14036 --- [http-nio-8080-exec-1] o.a.c.c.C.[Tomcat].[localhost].[/]       : Initializing Spring FrameworkServlet 'dispatcherServlet'
2022-05-18 17:09:29.007  INFO 14036 --- [http-nio-8080-exec-1] o.s.web.servlet.DispatcherServlet        : FrameworkServlet 'dispatcherServlet': initialization started
2022-05-18 17:09:29.055  INFO 14036 --- [http-nio-8080-exec-1] o.s.web.servlet.DispatcherServlet        : FrameworkServlet 'dispatcherServlet': initialization completed in 47 ms
2022-05-18 17:09:29.861  WARN 14036 --- [http-nio-8080-exec-1] n.n.u.t.decorators.DecoratorProcessor    : The layout:decorator/data-layout-decorator processor has been deprecated and will be removed in the next major version of the layout dialect.  Please use layout:decorate/data-layout-decorate instead to future-proof your code.  See https://github.com/ultraq/thymeleaf-layout-dialect/issues/95 for more information.
2022-05-18 17:09:30.132  WARN 14036 --- [http-nio-8080-exec-1] n.n.u.t.expressions.ExpressionProcessor  : Fragment expression "layout" is being wrapped as a Thymeleaf 3 fragment expression (~{...}) for backwards compatibility purposes.  This wrapping will be dropped in the next major version of the expression processor, so please rewrite as a Thymeleaf 3 fragment expression to future-proof your code.  See https://github.com/thymeleaf/thymeleaf/issues/451 for more information.
